<?xml version="1.0" encoding="UTF-8"?>
<robot generator="Robot 3.2.2.1 (Python 3.7.3 on win32)" generated="20240625 15:26:40.880" rpa="false">
<suite id="s1" name="TC13 BIllPayment AutoTran" source="c:\Module_Service_RESTAPI_Automation\TestCases\Batch\Bill_BorrowerPayment\TC13_BIllPayment_AutoTran.robot">
<kw name="Mx Check Proxy And Create Session" library="check_proxy_keyword" type="setup">
<doc>If proxy variable is passed as global vairable then it create session with proxy else session will be created without proxy
1. Pass proxy variable from command line : robot -v proxy:&lt;&lt;host&gt;&gt;:&lt;&lt;port&gt;&gt; [Example: robot -v proxy:127.0.0.1:8080]
2. Or Pass proxy variable from tests : ${proxy} Set Variable 127.0.0.1:8081
Set Global Variable ${proxy}
3. Or Pass proxy variable from .py file. Example: proxy="127.0.0.1:8081"</doc>
<arguments>
<arg>${KeyCloak_alias}</arg>
<arg>${LIQ_KeyCLoak_API_URL}</arg>
</arguments>
<kw name="Get Variable Value" library="BuiltIn">
<doc>Returns variable value or ``default`` if the variable does not exist.</doc>
<arguments>
<arg>${proxy}</arg>
</arguments>
<assign>
<var>${proxy}</var>
</assign>
<msg timestamp="20240625 15:26:42.934" level="INFO">${proxy} = None</msg>
<status status="PASS" starttime="20240625 15:26:42.877" endtime="20240625 15:26:42.934"></status>
</kw>
<kw name="Get Variable Value" library="BuiltIn">
<doc>Returns variable value or ``default`` if the variable does not exist.</doc>
<arguments>
<arg>${scheme}</arg>
</arguments>
<assign>
<var>${scheme}</var>
</assign>
<msg timestamp="20240625 15:26:43.022" level="INFO">${scheme} = None</msg>
<status status="PASS" starttime="20240625 15:26:42.957" endtime="20240625 15:26:43.022"></status>
</kw>
<kw name="Run Keyword If" library="BuiltIn">
<doc>Runs the given keyword with the given arguments, if ``condition`` is true.</doc>
<arguments>
<arg>'${proxy}' != 'None' and '${scheme}' == 'None'</arg>
<arg>Create Dictionary</arg>
<arg>http=http://${proxy}</arg>
<arg>ELSE</arg>
<arg>Create Dictionary</arg>
<arg>${scheme}=${scheme}://${proxy}</arg>
</arguments>
<assign>
<var>&amp;{proxyDict}</var>
</assign>
<kw name="Create Dictionary" library="BuiltIn">
<doc>Creates and returns a dictionary based on the given ``items``.</doc>
<arguments>
<arg>${scheme}=${scheme}://${proxy}</arg>
</arguments>
<status status="PASS" starttime="20240625 15:26:43.051" endtime="20240625 15:26:43.054"></status>
</kw>
<msg timestamp="20240625 15:26:43.054" level="INFO">&amp;{proxyDict} = { None=None://None }</msg>
<status status="PASS" starttime="20240625 15:26:43.051" endtime="20240625 15:26:43.054"></status>
</kw>
<kw name="Run Keyword If" library="BuiltIn">
<doc>Runs the given keyword with the given arguments, if ``condition`` is true.</doc>
<arguments>
<arg>'${proxy}' == 'None'</arg>
<arg>Create Session</arg>
<arg>${alias}</arg>
<arg>${url}</arg>
<arg>ELSE</arg>
<arg>Create Session</arg>
<arg>${alias}</arg>
<arg>${url}</arg>
<arg>proxies=${proxyDict}</arg>
</arguments>
<kw name="Create Session" library="RequestsLibrary">
<doc>Create Session: create a HTTP session to a server</doc>
<arguments>
<arg>${alias}</arg>
<arg>${url}</arg>
</arguments>
<msg timestamp="20240625 15:26:43.067" level="INFO">Creating Session using : alias=LIQKeyCLoakAPISessionAlias, url=http://10.240.184.42:8080, headers={},                     cookies=None, auth=None, timeout=None, proxies=None, verify=False,                     debug=0 </msg>
<status status="PASS" starttime="20240625 15:26:43.067" endtime="20240625 15:26:43.067"></status>
</kw>
<status status="PASS" starttime="20240625 15:26:43.067" endtime="20240625 15:26:43.067"></status>
</kw>
<status status="PASS" starttime="20240625 15:26:42.847" endtime="20240625 15:26:43.067"></status>
</kw>
<test id="s1-t1" name="TC13_BillPayment_Autotran Testcase">
<kw name="CREATE REST API SESSIONS WITH KEYCLOAK TOKEN" type="setup">
<doc>This keyword will create required REST API sessions</doc>
<kw name="GIVEN GET KEYCLOAK TOKEN">
<arguments>
<arg>${Keycloak_USERNAME}</arg>
<arg>${Keycloak_PASSWORD}</arg>
</arguments>
<msg timestamp="20240625 15:26:43.162" level="FAIL">No keyword with name 'GIVEN GET KEYCLOAK TOKEN' found.</msg>
<status status="FAIL" starttime="20240625 15:26:43.127" endtime="20240625 15:26:43.186"></status>
</kw>
<status status="FAIL" starttime="20240625 15:26:43.067" endtime="20240625 15:26:43.252"></status>
</kw>
<status status="FAIL" starttime="20240625 15:26:43.067" endtime="20240625 15:26:43.252" critical="yes">Setup failed:
No keyword with name 'GIVEN GET KEYCLOAK TOKEN' found.</status>
</test>
<kw name="Delete All Sessions" library="RequestsLibrary" type="teardown">
<doc>Removes all the session objects</doc>
<msg timestamp="20240625 15:26:43.257" level="INFO">Delete All Sessions</msg>
<status status="PASS" starttime="20240625 15:26:43.257" endtime="20240625 15:26:43.257"></status>
</kw>
<status status="FAIL" starttime="20240625 15:26:40.888" endtime="20240625 15:26:43.257"></status>
</suite>
<statistics>
<total>
<stat pass="0" fail="1">Critical Tests</stat>
<stat pass="0" fail="1">All Tests</stat>
</total>
<tag>
</tag>
<suite>
<stat pass="0" fail="1" id="s1" name="TC13 BIllPayment AutoTran">TC13 BIllPayment AutoTran</stat>
</suite>
</statistics>
<errors>
<msg timestamp="20240625 15:26:42.741" level="ERROR">Error in file 'c:\Module_Service_RESTAPI_Automation\ConfigFile\ImportFile.robot' on line 4: Resource file '..\..\GlobalConfigFile\ImportFile.robot' does not exist.</msg>
<msg timestamp="20240625 15:26:42.760" level="ERROR">Error in file 'c:\UTF\UTF\UnifiedTestFramework\Keywords\REST\Common\CheckProxy\check_proxy_keyword.robot' on line 2: Importing test library 'HttpLibraryExtended' failed: ModuleNotFoundError: No module named 'HttpLibraryExtended'
Traceback (most recent call last):
  None
PYTHONPATH:
  C:\UTF\UTF\UnifiedTestFramework
  C:\UTF\UTF\UnifiedTestFramework\Libraries\Common\BaselineComparator
  C:\UTF\UTF\UnifiedTestFramework\Libraries\Selenium
  C:\UTF\UTF\UnifiedTestFramework\Libraries\Common
  C:\UTF\UTF\UnifiedTestFramework\Libraries\UFT
  C:\UTF\UTF\UnifiedTestFramework\Libraries\UFT\ProductSpecific
  C:\UTF\UTF\UnifiedTestFramework\Libraries\Selenium\SeleniumLibraryExtended
  C:\UTF\UTF\UnifiedTestFramework\Libraries\Selenium\SeleniumLibraryExtended\Helpers
  C:\7.5_Robot_Test_Automation_Sets\Resources
  C:\UTF\UTF\UnifiedTestFramework\Libraries\REST\FFDCTokenGenerator
  c:\Users\u709835\.vscode\extensions\robocorp.robotframework-lsp-1.12.0\src\robotframework_debug_adapter
  C:\Module_Service_RESTAPI_Automation
  c:\Users\u709835\.vscode\extensions\robocorp.robotframework-lsp-1.12.0\src
  c:\Users\u709835\.vscode\extensions\robocorp.robotframework-lsp-1.12.0\src\robotframework_ls\vendored
  C:\Python37\python37.zip
  C:\Python37\DLLs
  C:\Python37\lib
  C:\Python37
  C:\Python37\lib\site-packages
  C:\Python37\lib\site-packages\win32
  C:\Python37\lib\site-packages\win32\lib
  C:\Python37\lib\site-packages\Pythonwin</msg>
</errors>
</robot>
